<?xml version="1.0" encoding="UTF-8"?>
<!-- Generated by org.testng.reporters.JUnitReportReporter -->
<testsuite skipped="0" hostname="LAPTOP-0QJFP7EQ" name="com.reqres.assignments.CreateTest" tests="1" failures="0" timestamp="27 Feb 2022 10:36:18 GMT" time="4.200" errors="0">
  <testcase name="create" time="4.200" classname="com.reqres.assignments.CreateTest"/>
</testsuite> <!-- com.reqres.assignments.CreateTest -->
