<?xml version="1.0" encoding="UTF-8"?>
<!-- Generated by org.testng.reporters.JUnitReportReporter -->
<testsuite skipped="0" hostname="LAPTOP-0QJFP7EQ" name="com.validation.StaticResponseValidationTest" tests="1" failures="0" timestamp="28 Feb 2022 06:45:28 GMT" time="3.592" errors="0">
  <testcase name="staticValidation" time="3.592" classname="com.validation.StaticResponseValidationTest"/>
</testsuite> <!-- com.validation.StaticResponseValidationTest -->
