<?xml version="1.0" encoding="UTF-8"?>
<!-- Generated by org.testng.reporters.JUnitReportReporter -->
<testsuite skipped="0" hostname="LAPTOP-0QJFP7EQ" name="com.rmgyantra.authentication.BasicAuthTest" tests="1" failures="0" timestamp="01 Mar 2022 09:46:06 GMT" time="3.008" errors="0">
  <testcase name="basicAuth" time="3.008" classname="com.rmgyantra.authentication.BasicAuthTest"/>
</testsuite> <!-- com.rmgyantra.authentication.BasicAuthTest -->
