<?xml version="1.0" encoding="UTF-8"?>
<!-- Generated by org.testng.reporters.JUnitReportReporter -->
<testsuite skipped="0" hostname="LAPTOP-0QJFP7EQ" name="com.differentwaysToPost.AddProjectWithJsonFileTest" tests="1" failures="0" timestamp="25 Feb 2022 10:27:38 GMT" time="2.743" errors="0">
  <testcase name="addProject" time="2.743" classname="com.differentwaysToPost.AddProjectWithJsonFileTest"/>
</testsuite> <!-- com.differentwaysToPost.AddProjectWithJsonFileTest -->
