<?xml version="1.0" encoding="UTF-8"?>
<!-- Generated by org.testng.reporters.JUnitReportReporter -->
<testsuite skipped="0" hostname="LAPTOP-0QJFP7EQ" name="com.rmgyantra.requestChaining.GetAndDeleteTest" tests="1" failures="0" timestamp="01 Mar 2022 05:23:04 GMT" time="3.618" errors="0">
  <testcase name="getAndDelete" time="3.618" classname="com.rmgyantra.requestChaining.GetAndDeleteTest"/>
</testsuite> <!-- com.rmgyantra.requestChaining.GetAndDeleteTest -->
