<?xml version="1.0" encoding="UTF-8"?>
<!-- Generated by org.testng.reporters.JUnitReportReporter -->
<testsuite skipped="0" hostname="LAPTOP-0QJFP7EQ" name="com.rmgyantraCRUDoperationWithBDD.GetAllProjectsTest" tests="1" failures="0" timestamp="28 Feb 2022 10:47:52 GMT" time="1.490" errors="0">
  <testcase name="getallprojects" time="1.490" classname="com.rmgyantraCRUDoperationWithBDD.GetAllProjectsTest"/>
</testsuite> <!-- com.rmgyantraCRUDoperationWithBDD.GetAllProjectsTest -->
