<?xml version="1.0" encoding="UTF-8"?>
<!-- Generated by org.testng.reporters.JUnitReportReporter -->
<testsuite skipped="0" hostname="LAPTOP-0QJFP7EQ" name="com.rmgyantra.authentication.BearerTokenTest" tests="1" failures="0" timestamp="01 Mar 2022 09:21:57 GMT" time="4.705" errors="0">
  <testcase name="authentication" time="4.705" classname="com.rmgyantra.authentication.BearerTokenTest"/>
</testsuite> <!-- com.rmgyantra.authentication.BearerTokenTest -->
