<?xml version="1.0" encoding="UTF-8"?>
<!-- Generated by org.testng.reporters.JUnitReportReporter -->
<testsuite skipped="0" hostname="LAPTOP-0QJFP7EQ" name="com.validation.DynamicResponseValidationTest" tests="1" failures="0" timestamp="28 Feb 2022 07:27:10 GMT" time="3.468" errors="0">
  <testcase name="dynamicResponse" time="3.468" classname="com.validation.DynamicResponseValidationTest"/>
</testsuite> <!-- com.validation.DynamicResponseValidationTest -->
