<?xml version="1.0" encoding="UTF-8"?>
<!-- Generated by org.testng.reporters.JUnitReportReporter -->
<testsuite skipped="0" hostname="LAPTOP-0QJFP7EQ" name="com.rmgyantraCRUDoperationWithBDD.UpdationProjectTest" tests="1" failures="0" timestamp="25 Feb 2022 07:44:53 GMT" time="3.096" errors="0">
  <testcase name="patchproject" time="3.096" classname="com.rmgyantraCRUDoperationWithBDD.UpdationProjectTest"/>
</testsuite> <!-- com.rmgyantraCRUDoperationWithBDD.UpdationProjectTest -->
