<?xml version="1.0" encoding="UTF-8"?>
<!-- Generated by org.testng.reporters.JUnitReportReporter -->
<testsuite skipped="0" hostname="LAPTOP-0QJFP7EQ" name="com.reqres.assignments.UpdateTest" tests="1" failures="0" timestamp="27 Feb 2022 10:41:19 GMT" time="3.967" errors="0">
  <testcase name="update" time="3.967" classname="com.reqres.assignments.UpdateTest"/>
</testsuite> <!-- com.reqres.assignments.UpdateTest -->
