<?xml version="1.0" encoding="UTF-8"?>
<!-- Generated by org.testng.reporters.JUnitReportReporter -->
<testsuite skipped="0" hostname="LAPTOP-0QJFP7EQ" name="com.rmgyantra.requestChaining.PostAndDeleteTest" tests="1" failures="0" timestamp="01 Mar 2022 04:48:15 GMT" time="3.987" errors="0">
  <testcase name="postAndDelete" time="3.987" classname="com.rmgyantra.requestChaining.PostAndDeleteTest"/>
</testsuite> <!-- com.rmgyantra.requestChaining.PostAndDeleteTest -->
