<?xml version="1.0" encoding="UTF-8"?>
<!-- Generated by org.testng.reporters.JUnitReportReporter -->
<testsuite skipped="0" hostname="LAPTOP-0QJFP7EQ" name="com.rmgyantra.requestChaining.AddProjectAllocateUserTest" tests="1" failures="0" timestamp="01 Mar 2022 05:32:56 GMT" time="4.154" errors="0">
  <testcase name="addProjectAndAllocateUser" time="4.154" classname="com.rmgyantra.requestChaining.AddProjectAllocateUserTest"/>
</testsuite> <!-- com.rmgyantra.requestChaining.AddProjectAllocateUserTest -->
