<?xml version="1.0" encoding="UTF-8"?>
<!-- Generated by org.testng.reporters.JUnitReportReporter -->
<testsuite skipped="0" hostname="LAPTOP-0QJFP7EQ" name="com.validation.ValidationUsingHamcrestTest" tests="1" failures="0" timestamp="01 Mar 2022 07:06:26 GMT" time="3.823" errors="0">
  <testcase name="validation" time="3.823" classname="com.validation.ValidationUsingHamcrestTest"/>
</testsuite> <!-- com.validation.ValidationUsingHamcrestTest -->
