<?xml version="1.0" encoding="UTF-8"?>
<!-- Generated by org.testng.reporters.JUnitReportReporter -->
<testsuite skipped="0" hostname="LAPTOP-0QJFP7EQ" name="com.rmgyantraCRUDoperationWithBDD.PartialUpdationTest" tests="1" failures="0" timestamp="25 Feb 2022 07:44:40 GMT" time="4.733" errors="0">
  <testcase name="patchproject" time="4.733" classname="com.rmgyantraCRUDoperationWithBDD.PartialUpdationTest"/>
</testsuite> <!-- com.rmgyantraCRUDoperationWithBDD.PartialUpdationTest -->
