<?xml version="1.0" encoding="UTF-8"?>
<!-- Generated by org.testng.reporters.JUnitReportReporter -->
<testsuite skipped="0" hostname="LAPTOP-0QJFP7EQ" name="com.rmgyantra.parameter.ParametersTest" tests="1" failures="0" timestamp="28 Feb 2022 11:10:15 GMT" time="2.152" errors="0">
  <testcase name="parameter" time="2.152" classname="com.rmgyantra.parameter.ParametersTest"/>
</testsuite> <!-- com.rmgyantra.parameter.ParametersTest -->
