<?xml version="1.0" encoding="UTF-8"?>
<!-- Generated by org.testng.reporters.JUnitReportReporter -->
<testsuite skipped="0" hostname="LAPTOP-0QJFP7EQ" name="com.rmgyantra.requestChaining.PostAndGetProjectTest" tests="1" failures="0" timestamp="01 Mar 2022 04:43:11 GMT" time="3.996" errors="0">
  <testcase name="postAndGet" time="3.996" classname="com.rmgyantra.requestChaining.PostAndGetProjectTest"/>
</testsuite> <!-- com.rmgyantra.requestChaining.PostAndGetProjectTest -->
