<?xml version="1.0" encoding="UTF-8"?>
<!-- Generated by org.testng.reporters.JUnitReportReporter -->
<testsuite skipped="0" hostname="LAPTOP-0QJFP7EQ" name="com.calender.Handling.SelectTodayDateInCalenderTest" tests="1" failures="0" timestamp="02 Mar 2022 09:18:54 GMT" time="96.797" errors="0">
  <testcase name="todayDate" time="96.797" classname="com.calender.Handling.SelectTodayDateInCalenderTest"/>
</testsuite> <!-- com.calender.Handling.SelectTodayDateInCalenderTest -->
