<?xml version="1.0" encoding="UTF-8"?>
<!-- Generated by org.testng.reporters.JUnitReportReporter -->
<testsuite skipped="0" hostname="LAPTOP-0QJFP7EQ" name="com.differentwaysToPost.AddProjectWithHashMapTest" tests="1" failures="0" timestamp="25 Feb 2022 10:07:56 GMT" time="3.072" errors="0">
  <testcase name="addProject" time="3.072" classname="com.differentwaysToPost.AddProjectWithHashMapTest"/>
</testsuite> <!-- com.differentwaysToPost.AddProjectWithHashMapTest -->
