<?xml version="1.0" encoding="UTF-8"?>
<!-- Generated by org.testng.reporters.JUnitReportReporter -->
<testsuite skipped="0" hostname="LAPTOP-0QJFP7EQ" name="com.rmgyantra.authentication.AuthenticationTest" tests="2" failures="0" timestamp="01 Mar 2022 09:34:54 GMT" time="3.049" errors="0">
  <testcase name="preamtiveAuth" time="0.181" classname="com.rmgyantra.authentication.AuthenticationTest"/>
  <testcase name="digestiveAuth" time="2.868" classname="com.rmgyantra.authentication.AuthenticationTest"/>
</testsuite> <!-- com.rmgyantra.authentication.AuthenticationTest -->
