<?xml version="1.0" encoding="UTF-8"?>
<!-- Generated by org.testng.reporters.JUnitReportReporter -->
<testsuite hostname="LAPTOP-0QJFP7EQ" failures="0" tests="1" name="com.rmgyantra.authentication.Auth2Test" time="6.178" errors="0" timestamp="2022-10-07T09:57:14 IST" skipped="0">
  <testcase classname="com.rmgyantra.authentication.Auth2Test" name="authentication" time="6.178"/>
  <system-out/>
</testsuite> <!-- com.rmgyantra.authentication.Auth2Test -->
