<?xml version="1.0" encoding="UTF-8"?>
<!-- Generated by org.testng.reporters.JUnitReportReporter -->
<testsuite skipped="0" hostname="LAPTOP-0QJFP7EQ" name="com.rmgyantra.parameter.QueryParameterTest" tests="1" failures="0" timestamp="28 Feb 2022 10:57:24 GMT" time="2.968" errors="0">
  <testcase name="parameter" time="2.968" classname="com.rmgyantra.parameter.QueryParameterTest"/>
</testsuite> <!-- com.rmgyantra.parameter.QueryParameterTest -->
