<?xml version="1.0" encoding="UTF-8"?>
<!-- Generated by org.testng.reporters.JUnitReportReporter -->
<testsuite skipped="0" hostname="LAPTOP-0QJFP7EQ" name="com.rmgyantra.UpdateProjectTest" tests="1" failures="0" timestamp="24 Feb 2022 12:38:55 GMT" time="3.130" errors="0">
  <testcase name="updation" time="3.130" classname="com.rmgyantra.UpdateProjectTest"/>
</testsuite> <!-- com.rmgyantra.UpdateProjectTest -->
