<?xml version="1.0" encoding="UTF-8"?>
<!-- Generated by org.testng.reporters.JUnitReportReporter -->
<testsuite skipped="0" hostname="LAPTOP-0QJFP7EQ" name="com.reqres.assignments.ListUsersTest" tests="1" failures="0" timestamp="27 Feb 2022 10:17:40 GMT" time="3.531" errors="0">
  <testcase name="listUsers" time="3.531" classname="com.reqres.assignments.ListUsersTest"/>
</testsuite> <!-- com.reqres.assignments.ListUsersTest -->
