<?xml version="1.0" encoding="UTF-8"?>
<!-- Generated by org.testng.reporters.JUnitReportReporter -->
<testsuite skipped="0" hostname="LAPTOP-0QJFP7EQ" name="com.rmgyantra.GetAllProjectsTest" tests="1" failures="0" timestamp="24 Feb 2022 12:49:15 GMT" time="2.875" errors="0">
  <testcase name="getallProject" time="2.875" classname="com.rmgyantra.GetAllProjectsTest"/>
</testsuite> <!-- com.rmgyantra.GetAllProjectsTest -->
