<?xml version="1.0" encoding="UTF-8"?>
<!-- Generated by org.testng.reporters.JUnitReportReporter -->
<testsuite skipped="0" hostname="LAPTOP-0QJFP7EQ" name="com.rmgyantra.parameter.PathParameterTest" tests="1" failures="0" timestamp="28 Feb 2022 10:49:00 GMT" time="1.399" errors="0">
  <testcase name="pathParameter" time="1.399" classname="com.rmgyantra.parameter.PathParameterTest"/>
</testsuite> <!-- com.rmgyantra.parameter.PathParameterTest -->
