<?xml version="1.0" encoding="UTF-8"?>
<!-- Generated by org.testng.reporters.JUnitReportReporter -->
<testsuite skipped="0" hostname="LAPTOP-0QJFP7EQ" name="com.rmgyantraCRUDoperationWithBDD.DeleteProjectTest" tests="1" failures="0" timestamp="25 Feb 2022 07:43:16 GMT" time="2.588" errors="0">
  <testcase name="delete" time="2.588" classname="com.rmgyantraCRUDoperationWithBDD.DeleteProjectTest"/>
</testsuite> <!-- com.rmgyantraCRUDoperationWithBDD.DeleteProjectTest -->
